0 info it worked if it ends with ok
1 verbose cli [ 'C:\\Program Files\\nodejs\\node.exe',
1 verbose cli   'C:\\Program Files\\nodejs\\node_modules\\npm\\bin\\npm-cli.js',
1 verbose cli   'install',
1 verbose cli   '-g',
1 verbose cli   'phonegap@lastest' ]
2 info using npm@2.15.1
3 info using node@v4.4.3
4 verbose install initial load of C:\Users\Joash\AppData\Roaming\npm\package.json
5 verbose readDependencies loading dependencies from C:\Users\Joash\AppData\Roaming\npm\package.json
6 silly cache add args [ 'phonegap@lastest', null ]
7 verbose cache add spec phonegap@lastest
8 silly cache add parsed spec Result {
8 silly cache add   raw: 'phonegap@lastest',
8 silly cache add   scope: null,
8 silly cache add   name: 'phonegap',
8 silly cache add   rawSpec: 'lastest',
8 silly cache add   spec: 'lastest',
8 silly cache add   type: 'tag' }
9 silly addNamed phonegap@lastest
10 verbose addNamed "lastest" is being treated as a dist-tag for phonegap
11 info addNameTag [ 'phonegap', 'lastest' ]
12 silly mapToRegistry name phonegap
13 silly mapToRegistry using default registry
14 silly mapToRegistry registry https://registry.npmjs.org/
15 silly mapToRegistry data Result {
15 silly mapToRegistry   raw: 'phonegap',
15 silly mapToRegistry   scope: null,
15 silly mapToRegistry   name: 'phonegap',
15 silly mapToRegistry   rawSpec: '',
15 silly mapToRegistry   spec: 'latest',
15 silly mapToRegistry   type: 'tag' }
16 silly mapToRegistry uri https://registry.npmjs.org/phonegap
17 verbose addNameTag registry:https://registry.npmjs.org/phonegap not in flight; fetching
18 verbose request uri https://registry.npmjs.org/phonegap
19 verbose request no auth needed
20 info attempt registry request try #1 at 6:56:08 PM
21 verbose request id b70490497b81d806
22 http request GET https://registry.npmjs.org/phonegap
23 http 200 https://registry.npmjs.org/phonegap
24 verbose headers { server: 'CouchDB/1.5.0 (Erlang OTP/R16B03)',
24 verbose headers   etag: '"6ENU9BODOG40AUEQWSTBPFZ8M"',
24 verbose headers   'content-type': 'application/json',
24 verbose headers   'content-encoding': 'gzip',
24 verbose headers   'cache-control': 'max-age=300',
24 verbose headers   'content-length': '27533',
24 verbose headers   'accept-ranges': 'bytes',
24 verbose headers   date: 'Sun, 05 Jun 2016 10:56:11 GMT',
24 verbose headers   via: '1.1 varnish',
24 verbose headers   age: '0',
24 verbose headers   connection: 'keep-alive',
24 verbose headers   'x-served-by': 'cache-sin6921-SIN',
24 verbose headers   'x-cache': 'HIT',
24 verbose headers   'x-cache-hits': '1',
24 verbose headers   'x-timer': 'S1465124171.115933,VS0,VE240',
24 verbose headers   vary: 'Accept-Encoding' }
25 silly get cb [ 200,
25 silly get   { server: 'CouchDB/1.5.0 (Erlang OTP/R16B03)',
25 silly get     etag: '"6ENU9BODOG40AUEQWSTBPFZ8M"',
25 silly get     'content-type': 'application/json',
25 silly get     'content-encoding': 'gzip',
25 silly get     'cache-control': 'max-age=300',
25 silly get     'content-length': '27533',
25 silly get     'accept-ranges': 'bytes',
25 silly get     date: 'Sun, 05 Jun 2016 10:56:11 GMT',
25 silly get     via: '1.1 varnish',
25 silly get     age: '0',
25 silly get     connection: 'keep-alive',
25 silly get     'x-served-by': 'cache-sin6921-SIN',
25 silly get     'x-cache': 'HIT',
25 silly get     'x-cache-hits': '1',
25 silly get     'x-timer': 'S1465124171.115933,VS0,VE240',
25 silly get     vary: 'Accept-Encoding' } ]
26 verbose get saving phonegap to C:\Users\Joash\AppData\Roaming\npm-cache\registry.npmjs.org\phonegap\.cache.json
27 verbose correctMkdir C:\Users\Joash\AppData\Roaming\npm-cache correctMkdir not in flight; initializing
28 silly addNameTag next cb for phonegap with tag lastest
29 verbose stack Error: No compatible version found: phonegap@'lastest'
29 verbose stack Valid install targets:
29 verbose stack ["3.5.0-0.19.23","0.2.0","0.2.1","0.2.2","0.3.0","0.4.0","0.4.1","0.5.0","0.6.0","0.6.1","0.7.0","0.7.1","0.7.2","0.7.3","0.7.4","0.7.5","0.7.6","0.7.7","0.7.8","0.8.0","0.8.1","0.9.0","0.9.1","0.9.2","0.9.3","0.9.4","2.8.0-0.10.0","2.8.0-0.10.1","2.8.0-0.10.2","2.8.0-0.10.3","2.8.0-0.10.4","2.8.0-0.10.6","2.8.1-0.11.0","2.9.0-0.12.2","2.9.0-0.12.3","2.9.0-0.12.4","2.9.0-0.12.5","2.9.0-0.12.6","2.9.0-0.12.7","2.9.0-0.12.8","2.9.0-rc1-0.12.0","2.9.0-rc1-0.12.1","2.9.0-rc1-0.12.2","2.9.0-0.12.9","2.9.0-0.12.10","2.9.0-0.12.11","2.9.0-0.13.0","2.9.0-0.13.1","2.9.0-0.13.2","3.0.0-rc1-0.13.2","3.0.0-rc1-0.13.3","3.0.0-0.14.0","3.0.0-0.14.1","3.0.0-0.14.2","3.0.0-0.14.3","3.0.0-0.14.4","3.1.0-0.15.0","3.2.0-0.15.0","3.2.0-0.16.0","3.2.0-0.17.0","3.2.0-0.17.1","3.3.0-0.17.1","3.3.0-0.18.0","3.3.0-0.18.1","3.3.0-0.19.0","3.3.0-0.19.1","3.3.0-0.19.2","3.3.0-0.19.3","3.3.0-0.19.4","3.3.0-0.19.5","3.3.0-0.19.6","3.4.0-0.19.7","3.4.0-0.19.8","3.4.0-0.19.9","3.4.0-0.19.10","3.4.0-0.19.11","3.4.0-0.19.12","3.4.0-0.19.13","3.4.0-0.19.14","3.4.0-0.19.15","3.4.0-0.19.16","3.4.0-0.19.17","3.4.0-0.19.18","3.4.0-0.19.19","3.4.0-0.19.20","3.4.0-0.19.21","3.4.0-0.20.0","3.5.0-0.19.23","3.5.0-0.20.0","3.5.0-0.20.1","3.5.0-0.20.3","3.5.0-0.20.4","3.5.0-0.20.5","3.5.0-0.20.6","3.5.0-0.20.7","3.5.0-0.20.9","3.5.0-0.20.10","3.5.0-0.20.14","3.5.0-0.21.14","3.5.0-0.21.15","3.5.0-0.21.16","3.5.0-0.21.17","3.5.0-0.21.18","3.6.0-0.21.18","3.6.0-0.21.19","3.6.3-0.22.0","3.6.3-0.22.1","3.6.3-0.22.2","3.6.3-0.22.3","3.6.3-0.22.4","3.6.3-0.22.5","3.6.3-0.22.6","3.6.3-0.22.7","4.0.0-0.22.7","4.1.2-0.22.7","4.1.2-0.22.8","4.1.2-0.22.9","4.1.2-0.22.10","4.1.2-0.22.11","4.1.2-0.22.12","4.2.0-0.23.0","4.2.0-0.24.0","4.2.0-0.24.1","4.2.0-0.24.2","4.2.0-0.25.0","4.2.0-0.26.0","5.0.0-0.27.0","5.0.0-0.27.1","5.0.0-0.28.0","5.0.0-0.28.1","5.1.1-0.29.0","5.1.1","5.2.0","5.2.1","5.2.2","5.2.3","5.3.1","5.3.2","5.3.3","5.3.4","5.3.5","5.3.6","5.3.7","5.3.8","5.3.9","5.3.10","5.4.0","5.4.1","5.5.0","5.5.1","5.5.2","6.0.0","6.0.1","6.0.2","6.0.3","6.0.4","6.0.5","6.1.0","6.2.0","6.2.1","6.2.2","6.2.3","6.2.4","6.2.5","6.2.6"]
29 verbose stack
29 verbose stack     at installTargetsError (C:\Program Files\nodejs\node_modules\npm\lib\cache\add-named.js:284:12)
29 verbose stack     at next (C:\Program Files\nodejs\node_modules\npm\lib\cache\add-named.js:94:10)
29 verbose stack     at RES (C:\Program Files\nodejs\node_modules\npm\node_modules\inflight\inflight.js:23:14)
29 verbose stack     at f (C:\Program Files\nodejs\node_modules\npm\node_modules\once\once.js:17:25)
29 verbose stack     at fixName (C:\Program Files\nodejs\node_modules\npm\lib\cache\add-named.js:29:5)
29 verbose stack     at saved (C:\Program Files\nodejs\node_modules\npm\lib\cache\caching-client.js:173:7)
29 verbose stack     at C:\Program Files\nodejs\node_modules\npm\node_modules\graceful-fs\polyfills.js:210:7
29 verbose stack     at FSReqWrap.oncomplete (fs.js:82:15)
30 verbose cwd C:\Users\Joash\Desktop\STIFINAL
31 error Windows_NT 6.3.9600
32 error argv "C:\\Program Files\\nodejs\\node.exe" "C:\\Program Files\\nodejs\\node_modules\\npm\\bin\\npm-cli.js" "install" "-g" "phonegap@lastest"
33 error node v4.4.3
34 error npm  v2.15.1
35 error code ETARGET
36 error notarget No compatible version found: phonegap@'lastest'
36 error notarget Valid install targets:
36 error notarget ["3.5.0-0.19.23","0.2.0","0.2.1","0.2.2","0.3.0","0.4.0","0.4.1","0.5.0","0.6.0","0.6.1","0.7.0","0.7.1","0.7.2","0.7.3","0.7.4","0.7.5","0.7.6","0.7.7","0.7.8","0.8.0","0.8.1","0.9.0","0.9.1","0.9.2","0.9.3","0.9.4","2.8.0-0.10.0","2.8.0-0.10.1","2.8.0-0.10.2","2.8.0-0.10.3","2.8.0-0.10.4","2.8.0-0.10.6","2.8.1-0.11.0","2.9.0-0.12.2","2.9.0-0.12.3","2.9.0-0.12.4","2.9.0-0.12.5","2.9.0-0.12.6","2.9.0-0.12.7","2.9.0-0.12.8","2.9.0-rc1-0.12.0","2.9.0-rc1-0.12.1","2.9.0-rc1-0.12.2","2.9.0-0.12.9","2.9.0-0.12.10","2.9.0-0.12.11","2.9.0-0.13.0","2.9.0-0.13.1","2.9.0-0.13.2","3.0.0-rc1-0.13.2","3.0.0-rc1-0.13.3","3.0.0-0.14.0","3.0.0-0.14.1","3.0.0-0.14.2","3.0.0-0.14.3","3.0.0-0.14.4","3.1.0-0.15.0","3.2.0-0.15.0","3.2.0-0.16.0","3.2.0-0.17.0","3.2.0-0.17.1","3.3.0-0.17.1","3.3.0-0.18.0","3.3.0-0.18.1","3.3.0-0.19.0","3.3.0-0.19.1","3.3.0-0.19.2","3.3.0-0.19.3","3.3.0-0.19.4","3.3.0-0.19.5","3.3.0-0.19.6","3.4.0-0.19.7","3.4.0-0.19.8","3.4.0-0.19.9","3.4.0-0.19.10","3.4.0-0.19.11","3.4.0-0.19.12","3.4.0-0.19.13","3.4.0-0.19.14","3.4.0-0.19.15","3.4.0-0.19.16","3.4.0-0.19.17","3.4.0-0.19.18","3.4.0-0.19.19","3.4.0-0.19.20","3.4.0-0.19.21","3.4.0-0.20.0","3.5.0-0.19.23","3.5.0-0.20.0","3.5.0-0.20.1","3.5.0-0.20.3","3.5.0-0.20.4","3.5.0-0.20.5","3.5.0-0.20.6","3.5.0-0.20.7","3.5.0-0.20.9","3.5.0-0.20.10","3.5.0-0.20.14","3.5.0-0.21.14","3.5.0-0.21.15","3.5.0-0.21.16","3.5.0-0.21.17","3.5.0-0.21.18","3.6.0-0.21.18","3.6.0-0.21.19","3.6.3-0.22.0","3.6.3-0.22.1","3.6.3-0.22.2","3.6.3-0.22.3","3.6.3-0.22.4","3.6.3-0.22.5","3.6.3-0.22.6","3.6.3-0.22.7","4.0.0-0.22.7","4.1.2-0.22.7","4.1.2-0.22.8","4.1.2-0.22.9","4.1.2-0.22.10","4.1.2-0.22.11","4.1.2-0.22.12","4.2.0-0.23.0","4.2.0-0.24.0","4.2.0-0.24.1","4.2.0-0.24.2","4.2.0-0.25.0","4.2.0-0.26.0","5.0.0-0.27.0","5.0.0-0.27.1","5.0.0-0.28.0","5.0.0-0.28.1","5.1.1-0.29.0","5.1.1","5.2.0","5.2.1","5.2.2","5.2.3","5.3.1","5.3.2","5.3.3","5.3.4","5.3.5","5.3.6","5.3.7","5.3.8","5.3.9","5.3.10","5.4.0","5.4.1","5.5.0","5.5.1","5.5.2","6.0.0","6.0.1","6.0.2","6.0.3","6.0.4","6.0.5","6.1.0","6.2.0","6.2.1","6.2.2","6.2.3","6.2.4","6.2.5","6.2.6"]
36 error notarget
36 error notarget This is most likely not a problem with npm itself.
36 error notarget In most cases you or one of your dependencies are requesting
36 error notarget a package version that doesn't exist.
37 verbose exit [ 1, true ]
